<?xml version="1.0" encoding="UTF-8"?>
<!-- Generated by org.testng.reporters.JUnitXMLReporter -->
<testsuite ignored="0" hostname="DESKTOP-5VI0HAR" failures="1" tests="2" name="Test" time="25.767" errors="0" timestamp="2024-08-28T21:58:08 CDT">
  <testcase classname="testCases.TC001_AccountRegistrationTest" name="verify_account_registration" time="2.654"/>
  <testcase classname="testCases.TC002_LoginTest" name="verifyLogin" time="11.545">
    <failure type="java.lang.AssertionError" message="Login Failed expected [true] but found [false]">
      <![CDATA[java.lang.AssertionError: Login Failed expected [true] but found [false]
at testCases.TC002_LoginTest.verifyLogin(TC002_LoginTest.java:29)
at java.base/java.util.ArrayList.forEach(ArrayList.java:1511)
... Removed 33 stack frames]]>
    </failure>
  </testcase> <!-- verifyLogin -->
</testsuite> <!-- Test -->
